<?xml version="1.0" encoding="UTF-8"?>
<testsuite xmlns:xsi="http://www.w3.org/2001/XMLSchema-instance" xsi:noNamespaceSchemaLocation="https://maven.apache.org/surefire/maven-surefire-plugin/xsd/surefire-test-report.xsd" version="3.0.2" name="com.example.balance.BalanceBatchApplicationTests" time="24.943" tests="1" errors="0" skipped="0" failures="0">
  <properties>
[...]
</properties>
  <testcase name="contextLoads" classname="com.example.balance.BalanceBatchApplicationTests" time="6.419">
    <system-out><![CDATA[20:41:07.848 [main] INFO org.springframework.test.context.support.AnnotationConfigContextLoaderUtils -- Could not detect default configuration classes for test class [com.example.balance.BalanceBatchApplicationTests]: BalanceBatchApplicationTests does not declare any static, non-private, non-final, nested classes annotated with @Configuration.
20:41:08.299 [main] INFO org.springframework.boot.test.context.SpringBootTestContextBootstrapper -- Found @SpringBootConfiguration com.example.balance.BalanceBatchApplication for test class com.example.balance.BalanceBatchApplicationTests
20:41:08.922 [main] INFO org.springframework.boot.devtools.restart.RestartApplicationListener -- Restart disabled due to context in which it is running

  .   ____          _            __ _ _
 /\\ / ___'_ __ _ _(_)_ __  __ _ \ \ \ \
( ( )\___ | '_ | '_| | '_ \/ _` | \ \ \ \
 \\/  ___)| |_)| | | | | || (_| |  ) ) ) )
  '  |____| .__|_| |_|_| |_\__, | / / / /
 =========|_|==============|___/=/_/_/_/

 :: Spring Boot ::                (v3.4.1)

2025-08-03T20:41:09.968+01:00  INFO 9868 --- [           main] c.e.b.BalanceBatchApplicationTests       : Starting BalanceBatchApplicationTests using Java 21.0.5 with PID 9868 (started by DELL in C:\Users\DELL\eclipse-workspace\Balance-Batch)
2025-08-03T20:41:09.971+01:00  INFO 9868 --- [           main] c.e.b.BalanceBatchApplicationTests       : No active profile set, falling back to 1 default profile: "default"
2025-08-03T20:41:13.217+01:00  INFO 9868 --- [           main] o.s.b.c.c.annotation.BatchRegistrar      : Finished Spring Batch infrastructure beans configuration in 18 ms.
2025-08-03T20:41:14.330+01:00  INFO 9868 --- [           main] .s.d.r.c.RepositoryConfigurationDelegate : Bootstrapping Spring Data JPA repositories in DEFAULT mode.
2025-08-03T20:41:14.479+01:00  INFO 9868 --- [           main] .s.d.r.c.RepositoryConfigurationDelegate : Finished Spring Data repository scanning in 121 ms. Found 1 JPA repository interface.
2025-08-03T20:41:16.377+01:00  INFO 9868 --- [           main] com.zaxxer.hikari.HikariDataSource       : HikariPool-1 - Starting...
2025-08-03T20:41:17.176+01:00  INFO 9868 --- [           main] com.zaxxer.hikari.pool.HikariPool        : HikariPool-1 - Added connection conn0: url=jdbc:h2:mem:testdb user=SA
2025-08-03T20:41:17.180+01:00  INFO 9868 --- [           main] com.zaxxer.hikari.HikariDataSource       : HikariPool-1 - Start completed.
2025-08-03T20:41:17.579+01:00  INFO 9868 --- [           main] o.hibernate.jpa.internal.util.LogHelper  : HHH000204: Processing PersistenceUnitInfo [name: default]
2025-08-03T20:41:17.926+01:00  INFO 9868 --- [           main] org.hibernate.Version                    : HHH000412: Hibernate ORM core version 6.6.4.Final
2025-08-03T20:41:18.046+01:00  INFO 9868 --- [           main] o.h.c.internal.RegionFactoryInitiator    : HHH000026: Second-level cache disabled
2025-08-03T20:41:18.880+01:00  INFO 9868 --- [           main] o.s.o.j.p.SpringPersistenceUnitInfo      : No LoadTimeWeaver setup: ignoring JPA class transformer
2025-08-03T20:41:19.144+01:00  INFO 9868 --- [           main] org.hibernate.orm.connections.pooling    : HHH10001005: Database info:
	Database JDBC URL [Connecting through datasource 'HikariDataSource (HikariPool-1)']
	Database driver: undefined/unknown
	Database version: 2.3.232
	Autocommit mode: undefined/unknown
	Isolation level: undefined/unknown
	Minimum pool size: undefined/unknown
	Maximum pool size: undefined/unknown
2025-08-03T20:41:21.443+01:00  INFO 9868 --- [           main] o.h.e.t.j.p.i.JtaPlatformInitiator       : HHH000489: No JTA platform available (set 'hibernate.transaction.jta.platform' to enable JTA platform integration)
2025-08-03T20:41:21.578+01:00  INFO 9868 --- [           main] j.LocalContainerEntityManagerFactoryBean : Initialized JPA EntityManagerFactory for persistence unit 'default'
2025-08-03T20:41:22.402+01:00  INFO 9868 --- [           main] o.s.b.c.r.s.JobRepositoryFactoryBean     : No database type set, using meta data indicating: H2
2025-08-03T20:41:22.451+01:00  INFO 9868 --- [           main] o.s.b.c.l.s.TaskExecutorJobLauncher      : No TaskExecutor has been set, defaulting to synchronous executor.
2025-08-03T20:41:23.311+01:00  WARN 9868 --- [           main] JpaBaseConfiguration$JpaWebConfiguration : spring.jpa.open-in-view is enabled by default. Therefore, database queries may be performed during view rendering. Explicitly configure spring.jpa.open-in-view to disable this warning
2025-08-03T20:41:25.164+01:00  INFO 9868 --- [           main] o.s.b.a.h2.H2ConsoleAutoConfiguration    : H2 console available at '/h2-console'. Database available at 'jdbc:h2:mem:testdb'
2025-08-03T20:41:25.237+01:00  INFO 9868 --- [           main] o.s.b.a.e.web.EndpointLinksResolver      : Exposing 1 endpoint beneath base path '/actuator'
2025-08-03T20:41:25.370+01:00  INFO 9868 --- [           main] c.e.b.BalanceBatchApplicationTests       : Started BalanceBatchApplicationTests in 16.5 seconds (process running for 22.915)
]]></system-out>
    <system-err><![CDATA[Mockito is currently self-attaching to enable the inline-mock-maker. This will no longer work in future releases of the JDK. Please add Mockito as an agent to your build what is described in Mockito's documentation: https://javadoc.io/doc/org.mockito/mockito-core/latest/org/mockito/Mockito.html#0.3
WARNING: A Java agent has been loaded dynamically (C:\Users\DELL\.m2\repository\net\bytebuddy\byte-buddy-agent\1.15.11\byte-buddy-agent-1.15.11.jar)
WARNING: If a serviceability tool is in use, please run with -XX:+EnableDynamicAgentLoading to hide this warning
WARNING: If a serviceability tool is not in use, please run with -Djdk.instrument.traceUsage for more information
WARNING: Dynamic loading of agents will be disallowed by default in a future release
]]></system-err>
  </testcase>
</testsuite>